#
# There is insufficient memory for the Java Runtime Environment to continue.
# Native memory allocation (malloc) failed to allocate 1136256 bytes for Chunk::new
# Possible reasons:
#   The system is out of physical RAM or swap space
#   In 32 bit mode, the process size limit was hit
# Possible solutions:
#   Reduce memory load on the system
#   Increase physical memory or swap space
#   Check if swap backing store is full
#   Use 64 bit Java on a 64 bit OS
#   Decrease Java heap size (-Xmx/-Xms)
#   Decrease number of Java threads
#   Decrease Java thread stack sizes (-Xss)
#   Set larger code cache with -XX:ReservedCodeCacheSize=
# This output file may be truncated or incomplete.
#
#  Out of Memory Error (allocation.cpp:390), pid=3176, tid=0x0000000000005c10
#
# JRE version: Java(TM) SE Runtime Environment (8.0_181-b13) (build 1.8.0_181-b13)
# Java VM: Java HotSpot(TM) 64-Bit Server VM (25.181-b13 mixed mode windows-amd64 compressed oops)
# Failed to write core dump. Minidumps are not enabled by default on client versions of Windows
#

---------------  T H R E A D  ---------------

Current thread (0x000000001ef32800):  JavaThread "C2 CompilerThread0" daemon [_thread_in_native, id=23568, stack(0x000000001f5a0000,0x000000001f6a0000)]

Stack: [0x000000001f5a0000,0x000000001f6a0000]
[error occurred during error reporting (printing stack bounds), id 0xc0000005]

Native frames: (J=compiled Java code, j=interpreted, Vv=VM code, C=native code)


Current CompileTask:
C2:   8995 5667   !   4       org.springframework.util.ReflectionUtils::doWithMethods (176 bytes)


---------------  P R O C E S S  ---------------

Java Threads: ( => current thread )
  0x0000000023e4d800 JavaThread "commons-pool-EvictionTimer" daemon [_thread_blocked, id=33256, stack(0x00000000259f0000,0x0000000025af0000)]
  0x000000001efcc800 JavaThread "Service Thread" daemon [_thread_blocked, id=32160, stack(0x000000001f9a0000,0x000000001faa0000)]
  0x000000001ef45800 JavaThread "C1 CompilerThread3" daemon [_thread_blocked, id=16020, stack(0x000000001f8a0000,0x000000001f9a0000)]
  0x000000001ef36000 JavaThread "C2 CompilerThread2" daemon [_thread_in_native, id=22972, stack(0x000000001f7a0000,0x000000001f8a0000)]
  0x000000001ef35000 JavaThread "C2 CompilerThread1" daemon [_thread_in_native, id=28652, stack(0x000000001f6a0000,0x000000001f7a0000)]
=>0x000000001ef32800 JavaThread "C2 CompilerThread0" daemon [_thread_in_native, id=23568, stack(0x000000001f5a0000,0x000000001f6a0000)]
  0x000000001ef2d000 JavaThread "Attach Listener" daemon [_thread_blocked, id=10216, stack(0x000000001f4a0000,0x000000001f5a0000)]
  0x000000001ef2c000 JavaThread "Signal Dispatcher" daemon [_thread_blocked, id=28604, stack(0x000000001f3a0000,0x000000001f4a0000)]
  0x0000000003529000 JavaThread "Finalizer" daemon [_thread_blocked, id=32788, stack(0x000000001f2a0000,0x000000001f3a0000)]
  0x0000000003528000 JavaThread "Reference Handler" daemon [_thread_blocked, id=32560, stack(0x000000001eda0000,0x000000001eea0000)]
  0x0000000003433800 JavaThread "main" [_thread_in_Java, id=32076, stack(0x0000000003310000,0x0000000003410000)]

Other Threads:
  0x000000001cfc9000 VMThread [stack: 0x000000001eca0000,0x000000001eda0000] [id=6420]
  0x000000001efe1800 WatcherThread [stack: 0x000000001faa0000,0x000000001fba0000] [id=33612]

VM state:not at safepoint (normal execution)

VM Mutex/Monitor currently owned by a thread: None

Heap:
 PSYoungGen      total 294400K, used 166464K [0x000000076af80000, 0x000000077e580000, 0x00000007c0000000)
  eden space 278528K, 54% used [0x000000076af80000,0x00000007742ce8b8,0x000000077bf80000)
  from space 15872K, 98% used [0x000000077d600000,0x000000077e541970,0x000000077e580000)
  to   space 18944K, 0% used [0x000000077c080000,0x000000077c080000,0x000000077d300000)
 ParOldGen       total 152576K, used 18409K [0x00000006c0e00000, 0x00000006ca300000, 0x000000076af80000)
  object space 152576K, 12% used [0x00000006c0e00000,0x00000006c1ffa670,0x00000006ca300000)
 Metaspace       used 41933K, capacity 42618K, committed 43048K, reserved 1087488K
  class space    used 5201K, capacity 5354K, committed 5416K, reserved 1048576K

Card table byte_map: [0x00000000128f0000,0x00000000130f0000] byte_map_base: 0x000000000f2e9000

Marking Bits: (ParMarkBitMap*) 0x000000006f2a2d00
 Begin Bits: [0x0000000013e50000, 0x0000000017e18000)
 End Bits:   [0x0000000017e18000, 0x000000001bde0000)

Polling page: 0x00000000015b0000

CodeCache: size=245760Kb used=20717Kb max_used=20734Kb free=225042Kb
 bounds [0x0000000003530000, 0x0000000004990000, 0x0000000012530000]
 total_blobs=5534 nmethods=5073 adapters=373
 compilation: enabled

Compilation events (10 events):
Event: 8.975 Thread 0x000000001ef45800 nmethod 5804 0x0000000004971a90 code [0x0000000004971f20, 0x0000000004974ac8]
Event: 8.976 Thread 0x000000001ef45800 5805       3       org.springframework.beans.factory.support.AbstractBeanFactory::clearMergedBeanDefinition (12 bytes)
Event: 8.976 Thread 0x000000001ef45800 nmethod 5805 0x0000000004975f10 code [0x0000000004976080, 0x00000000049762a8]
Event: 8.985 Thread 0x000000001ef45800 5806       3       org.springframework.beans.factory.support.AbstractBeanFactory::containsBean (72 bytes)
Event: 8.986 Thread 0x000000001ef45800 nmethod 5806 0x000000000497b810 code [0x000000000497ba40, 0x000000000497c9b8]
Event: 8.987 Thread 0x000000001ef36000 nmethod 5788 0x000000000497ce90 code [0x000000000497d180, 0x000000000497f990]
Event: 8.987 Thread 0x000000001ef36000 5774       4       org.springframework.asm.ClassReader::accept (1164 bytes)
Event: 8.990 Thread 0x000000001ef45800 5807       3       org.springframework.web.context.support.ServletContextAwareProcessor::getServletContext (29 bytes)
Event: 8.991 Thread 0x000000001ef45800 nmethod 5807 0x000000000497b2d0 code [0x000000000497b440, 0x000000000497b728]
Event: 8.992 Thread 0x000000001ef45800 5808       3       org.springframework.beans.factory.annotation.InitDestroyAnnotationBeanPostProcessor::requiresDestruction (12 bytes)

GC Heap History (10 events):
Event: 5.623 GC heap before
{Heap before GC invocations=8 (full 1):
 PSYoungGen      total 157184K, used 153022K [0x000000076af80000, 0x0000000777d80000, 0x00000007c0000000)
  eden space 141824K, 100% used [0x000000076af80000,0x0000000773a00000,0x0000000773a00000)
  from space 15360K, 72% used [0x0000000774980000,0x000000077546f8b8,0x0000000775880000)
  to   space 15872K, 0% used [0x0000000773a00000,0x0000000773a00000,0x0000000774980000)
 ParOldGen       total 112640K, used 11512K [0x00000006c0e00000, 0x00000006c7c00000, 0x000000076af80000)
  object space 112640K, 10% used [0x00000006c0e00000,0x00000006c193e3d8,0x00000006c7c00000)
 Metaspace       used 34384K, capacity 35018K, committed 35456K, reserved 1081344K
  class space    used 4320K, capacity 4454K, committed 4480K, reserved 1048576K
Event: 5.635 GC heap after
Heap after GC invocations=8 (full 1):
 PSYoungGen      total 157696K, used 15857K [0x000000076af80000, 0x0000000779d00000, 0x00000007c0000000)
  eden space 141824K, 0% used [0x000000076af80000,0x000000076af80000,0x0000000773a00000)
  from space 15872K, 99% used [0x0000000773a00000,0x000000077497c7a8,0x0000000774980000)
  to   space 18944K, 0% used [0x0000000778a80000,0x0000000778a80000,0x0000000779d00000)
 ParOldGen       total 112640K, used 13646K [0x00000006c0e00000, 0x00000006c7c00000, 0x000000076af80000)
  object space 112640K, 12% used [0x00000006c0e00000,0x00000006c1b53b18,0x00000006c7c00000)
 Metaspace       used 34384K, capacity 35018K, committed 35456K, reserved 1081344K
  class space    used 4320K, capacity 4454K, committed 4480K, reserved 1048576K
}
Event: 5.700 GC heap before
{Heap before GC invocations=9 (full 1):
 PSYoungGen      total 157696K, used 21193K [0x000000076af80000, 0x0000000779d00000, 0x00000007c0000000)
  eden space 141824K, 3% used [0x000000076af80000,0x000000076b4b5ef8,0x0000000773a00000)
  from space 15872K, 99% used [0x0000000773a00000,0x000000077497c7a8,0x0000000774980000)
  to   space 18944K, 0% used [0x0000000778a80000,0x0000000778a80000,0x0000000779d00000)
 ParOldGen       total 112640K, used 13646K [0x00000006c0e00000, 0x00000006c7c00000, 0x000000076af80000)
  object space 112640K, 12% used [0x00000006c0e00000,0x00000006c1b53b18,0x00000006c7c00000)
 Metaspace       used 34680K, capacity 35242K, committed 35496K, reserved 1081344K
  class space    used 4367K, capacity 4486K, committed 4520K, reserved 1048576K
Event: 5.709 GC heap after
Heap after GC invocations=9 (full 1):
 PSYoungGen      total 224768K, used 9543K [0x000000076af80000, 0x000000077c100000, 0x00000007c0000000)
  eden space 205824K, 0% used [0x000000076af80000,0x000000076af80000,0x0000000777880000)
  from space 18944K, 50% used [0x0000000778a80000,0x00000007793d1d18,0x0000000779d00000)
  to   space 18432K, 0% used [0x0000000777880000,0x0000000777880000,0x0000000778a80000)
 ParOldGen       total 112640K, used 13654K [0x00000006c0e00000, 0x00000006c7c00000, 0x000000076af80000)
  object space 112640K, 12% used [0x00000006c0e00000,0x00000006c1b55b18,0x00000006c7c00000)
 Metaspace       used 34680K, capacity 35242K, committed 35496K, reserved 1081344K
  class space    used 4367K, capacity 4486K, committed 4520K, reserved 1048576K
}
Event: 5.709 GC heap before
{Heap before GC invocations=10 (full 2):
 PSYoungGen      total 224768K, used 9543K [0x000000076af80000, 0x000000077c100000, 0x00000007c0000000)
  eden space 205824K, 0% used [0x000000076af80000,0x000000076af80000,0x0000000777880000)
  from space 18944K, 50% used [0x0000000778a80000,0x00000007793d1d18,0x0000000779d00000)
  to   space 18432K, 0% used [0x0000000777880000,0x0000000777880000,0x0000000778a80000)
 ParOldGen       total 112640K, used 13654K [0x00000006c0e00000, 0x00000006c7c00000, 0x000000076af80000)
  object space 112640K, 12% used [0x00000006c0e00000,0x00000006c1b55b18,0x00000006c7c00000)
 Metaspace       used 34680K, capacity 35242K, committed 35496K, reserved 1081344K
  class space    used 4367K, capacity 4486K, committed 4520K, reserved 1048576K
Event: 5.775 GC heap after
Heap after GC invocations=10 (full 2):
 PSYoungGen      total 224768K, used 0K [0x000000076af80000, 0x000000077c100000, 0x00000007c0000000)
  eden space 205824K, 0% used [0x000000076af80000,0x000000076af80000,0x0000000777880000)
  from space 18944K, 0% used [0x0000000778a80000,0x0000000778a80000,0x0000000779d00000)
  to   space 18432K, 0% used [0x0000000777880000,0x0000000777880000,0x0000000778a80000)
 ParOldGen       total 152576K, used 18393K [0x00000006c0e00000, 0x00000006ca300000, 0x000000076af80000)
  object space 152576K, 12% used [0x00000006c0e00000,0x00000006c1ff6670,0x00000006ca300000)
 Metaspace       used 34680K, capacity 35242K, committed 35496K, reserved 1081344K
  class space    used 4367K, capacity 4486K, committed 4520K, reserved 1048576K
}
Event: 6.905 GC heap before
{Heap before GC invocations=11 (full 2):
 PSYoungGen      total 224768K, used 205824K [0x000000076af80000, 0x000000077c100000, 0x00000007c0000000)
  eden space 205824K, 100% used [0x000000076af80000,0x0000000777880000,0x0000000777880000)
  from space 18944K, 0% used [0x0000000778a80000,0x0000000778a80000,0x0000000779d00000)
  to   space 18432K, 0% used [0x0000000777880000,0x0000000777880000,0x0000000778a80000)
 ParOldGen       total 152576K, used 18393K [0x00000006c0e00000, 0x00000006ca300000, 0x000000076af80000)
  object space 152576K, 12% used [0x00000006c0e00000,0x00000006c1ff6670,0x00000006ca300000)
 Metaspace       used 38740K, capacity 39368K, committed 39848K, reserved 1083392K
  class space    used 4816K, capacity 4939K, committed 5032K, reserved 1048576K
Event: 6.914 GC heap after
Heap after GC invocations=11 (full 2):
 PSYoungGen      total 224256K, used 11400K [0x000000076af80000, 0x000000077e780000, 0x00000007c0000000)
  eden space 205824K, 0% used [0x000000076af80000,0x000000076af80000,0x0000000777880000)
  from space 18432K, 61% used [0x0000000777880000,0x00000007783a2038,0x0000000778a80000)
  to   space 17920K, 0% used [0x000000077d600000,0x000000077d600000,0x000000077e780000)
 ParOldGen       total 152576K, used 18401K [0x00000006c0e00000, 0x00000006ca300000, 0x000000076af80000)
  object space 152576K, 12% used [0x00000006c0e00000,0x00000006c1ff8670,0x00000006ca300000)
 Metaspace       used 38740K, capacity 39368K, committed 39848K, reserved 1083392K
  class space    used 4816K, capacity 4939K, committed 5032K, reserved 1048576K
}
Event: 8.297 GC heap before
{Heap before GC invocations=12 (full 2):
 PSYoungGen      total 224256K, used 217224K [0x000000076af80000, 0x000000077e780000, 0x00000007c0000000)
  eden space 205824K, 100% used [0x000000076af80000,0x0000000777880000,0x0000000777880000)
  from space 18432K, 61% used [0x0000000777880000,0x00000007783a2038,0x0000000778a80000)
  to   space 17920K, 0% used [0x000000077d600000,0x000000077d600000,0x000000077e780000)
 ParOldGen       total 152576K, used 18401K [0x00000006c0e00000, 0x00000006ca300000, 0x000000076af80000)
  object space 152576K, 12% used [0x00000006c0e00000,0x00000006c1ff8670,0x00000006ca300000)
 Metaspace       used 40995K, capacity 41682K, committed 42152K, reserved 1085440K
  class space    used 5082K, capacity 5218K, committed 5288K, reserved 1048576K
Event: 8.311 GC heap after
Heap after GC invocations=12 (full 2):
 PSYoungGen      total 294400K, used 15622K [0x000000076af80000, 0x000000077e580000, 0x00000007c0000000)
  eden space 278528K, 0% used [0x000000076af80000,0x000000076af80000,0x000000077bf80000)
  from space 15872K, 98% used [0x000000077d600000,0x000000077e541970,0x000000077e580000)
  to   space 18944K, 0% used [0x000000077c080000,0x000000077c080000,0x000000077d300000)
 ParOldGen       total 152576K, used 18409K [0x00000006c0e00000, 0x00000006ca300000, 0x000000076af80000)
  object space 152576K, 12% used [0x00000006c0e00000,0x00000006c1ffa670,0x00000006ca300000)
 Metaspace       used 40995K, capacity 41682K, committed 42152K, reserved 1085440K
  class space    used 5082K, capacity 5218K, committed 5288K, reserved 1048576K
}

Deoptimization events (10 events):
Event: 8.444 Thread 0x0000000003433800 Uncommon trap: reason=null_check action=make_not_entrant pc=0x000000000488be74 method=org.springframework.core.annotation.AnnotatedElementUtils.searchWithFindSemantics(Ljava/lang/reflect/AnnotatedElement;Ljava/lang/Class;Ljava/lang/String;Ljava/lang/Class
Event: 8.570 Thread 0x0000000003433800 Uncommon trap: reason=bimorphic action=maybe_recompile pc=0x0000000003e7f288 method=java.util.regex.Pattern$Curly.match0(Ljava/util/regex/Matcher;IILjava/lang/CharSequence;)Z @ 77
Event: 8.594 Thread 0x0000000003433800 Uncommon trap: reason=bimorphic action=maybe_recompile pc=0x0000000003e7f288 method=java.util.regex.Pattern$Curly.match0(Ljava/util/regex/Matcher;IILjava/lang/CharSequence;)Z @ 77
Event: 8.614 Thread 0x0000000003433800 Uncommon trap: reason=bimorphic action=maybe_recompile pc=0x0000000003e7f288 method=java.util.regex.Pattern$Curly.match0(Ljava/util/regex/Matcher;IILjava/lang/CharSequence;)Z @ 77
Event: 8.631 Thread 0x0000000003433800 Uncommon trap: reason=bimorphic action=maybe_recompile pc=0x0000000003e7f288 method=java.util.regex.Pattern$Curly.match0(Ljava/util/regex/Matcher;IILjava/lang/CharSequence;)Z @ 77
Event: 8.744 Thread 0x0000000003433800 Uncommon trap: reason=bimorphic action=maybe_recompile pc=0x00000000048fffc0 method=org.springframework.core.annotation.AnnotatedElementUtils.searchWithFindSemantics(Ljava/lang/reflect/AnnotatedElement;Ljava/lang/Class;Ljava/lang/String;Ljava/lang/Class;L
Event: 8.744 Thread 0x0000000003433800 Uncommon trap: reason=bimorphic action=maybe_recompile pc=0x00000000048fffc0 method=org.springframework.core.annotation.AnnotatedElementUtils.searchWithFindSemantics(Ljava/lang/reflect/AnnotatedElement;Ljava/lang/Class;Ljava/lang/String;Ljava/lang/Class;L
Event: 8.745 Thread 0x0000000003433800 Uncommon trap: reason=bimorphic action=maybe_recompile pc=0x00000000048fffc0 method=org.springframework.core.annotation.AnnotatedElementUtils.searchWithFindSemantics(Ljava/lang/reflect/AnnotatedElement;Ljava/lang/Class;Ljava/lang/String;Ljava/lang/Class;L
Event: 8.745 Thread 0x0000000003433800 Uncommon trap: reason=bimorphic action=maybe_recompile pc=0x00000000048fffc0 method=org.springframework.core.annotation.AnnotatedElementUtils.searchWithFindSemantics(Ljava/lang/reflect/AnnotatedElement;Ljava/lang/Class;Ljava/lang/String;Ljava/lang/Class;L
Event: 8.854 Thread 0x0000000003433800 Uncommon trap: reason=unstable_if action=reinterpret pc=0x000000000486cb38 method=org.springframework.asm.ClassReader.readCode(Lorg/springframework/asm/MethodVisitor;Lorg/springframework/asm/Context;I)V @ 720

Classes redefined (0 events):
No events

Internal exceptions (10 events):
Event: 8.978 Thread 0x0000000003433800 Exception <a 'java/lang/ClassNotFoundException': org/springframework/web/accept/ContentNegotiationManagerBeanInfo> (0x0000000773e2c718) thrown at [C:\re\workspace\8-2-build-windows-amd64-cygwin\jdk8u181\11358\hotspot\src\share\vm\classfile\systemDictionar
Event: 8.979 Thread 0x0000000003433800 Exception <a 'java/lang/ClassNotFoundException': org/springframework/web/accept/ContentNegotiationManagerCustomizer> (0x0000000773e51750) thrown at [C:\re\workspace\8-2-build-windows-amd64-cygwin\jdk8u181\11358\hotspot\src\share\vm\classfile\systemDiction
Event: 8.980 Thread 0x0000000003433800 Exception <a 'java/lang/ClassNotFoundException': org/springframework/web/accept/ContentNegotiationStrategyCustomizer> (0x0000000773e85908) thrown at [C:\re\workspace\8-2-build-windows-amd64-cygwin\jdk8u181\11358\hotspot\src\share\vm\classfile\systemDictio
Event: 8.980 Thread 0x0000000003433800 Exception <a 'java/lang/ClassNotFoundException': org/springframework/web/accept/MediaTypeFileExtensionResolverCustomizer> (0x0000000773eaf8f8) thrown at [C:\re\workspace\8-2-build-windows-amd64-cygwin\jdk8u181\11358\hotspot\src\share\vm\classfile\systemDi
Event: 8.987 Thread 0x0000000003433800 Exception <a 'java/lang/ClassNotFoundException': org/springframework/web/servlet/config/annotation/WebMvcConfigurationSupport$EmptyHandlerMappingBeanInfo> (0x0000000773f7d4b8) thrown at [C:\re\workspace\8-2-build-windows-amd64-cygwin\jdk8u181\11358\hotspo
Event: 8.987 Thread 0x0000000003433800 Exception <a 'java/lang/ClassNotFoundException': org/springframework/web/servlet/config/annotation/WebMvcConfigurationSupport$EmptyHandlerMappingCustomizer> (0x0000000773fb2db0) thrown at [C:\re\workspace\8-2-build-windows-amd64-cygwin\jdk8u181\11358\hots
Event: 8.988 Thread 0x0000000003433800 Exception <a 'java/lang/ClassNotFoundException': org/springframework/web/servlet/HandlerMappingCustomizer> (0x0000000773fe2328) thrown at [C:\re\workspace\8-2-build-windows-amd64-cygwin\jdk8u181\11358\hotspot\src\share\vm\classfile\systemDictionary.cpp, l
Event: 8.988 Thread 0x0000000003433800 Exception <a 'java/lang/ClassNotFoundException': org/springframework/core/OrderedCustomizer> (0x0000000773ffe450) thrown at [C:\re\workspace\8-2-build-windows-amd64-cygwin\jdk8u181\11358\hotspot\src\share\vm\classfile\systemDictionary.cpp, line 210]
Event: 8.989 Thread 0x0000000003433800 Exception <a 'java/lang/ClassNotFoundException': org/springframework/web/context/ServletContextAwareCustomizer> (0x0000000774023200) thrown at [C:\re\workspace\8-2-build-windows-amd64-cygwin\jdk8u181\11358\hotspot\src\share\vm\classfile\systemDictionary.c
Event: 8.989 Thread 0x0000000003433800 Exception <a 'java/lang/ClassNotFoundException': org/springframework/context/ApplicationContextAwareCustomizer> (0x0000000774048418) thrown at [C:\re\workspace\8-2-build-windows-amd64-cygwin\jdk8u181\11358\hotspot\src\share\vm\classfile\systemDictionary.c

Events (10 events):
Event: 8.988 loading class org/springframework/web/context/ServletContextAwareCustomizer
Event: 8.988 loading class org/springframework/web/context/ServletContextAwareCustomizer done
Event: 8.989 loading class org/springframework/web/context/ServletContextAwareCustomizer
Event: 8.989 loading class org/springframework/web/context/ServletContextAwareCustomizer done
Event: 8.989 loading class org/springframework/context/ApplicationContextAwareCustomizer
Event: 8.989 loading class org/springframework/context/ApplicationContextAwareCustomizer done
Event: 8.989 loading class org/springframework/context/ApplicationContextAwareCustomizer
Event: 8.989 loading class org/springframework/context/ApplicationContextAwareCustomizer done
Event: 8.989 loading class org/springframework/context/ApplicationContextAwareCustomizer
Event: 8.989 loading class org/springframework/context/ApplicationContextAwareCustomizer done


Dynamic libraries:
0x00007ff66d140000 - 0x00007ff66d177000 	C:\Program Files\Java\jdk1.8.0_181\jre\bin\java.exe
0x00007ff923830000 - 0x00007ff923a11000 	C:\Windows\SYSTEM32\ntdll.dll
0x00007ff9223a0000 - 0x00007ff922452000 	C:\Windows\System32\KERNEL32.DLL
0x00007ff9208a0000 - 0x00007ff920b13000 	C:\Windows\System32\KERNELBASE.dll
0x00007ff922c10000 - 0x00007ff922cb1000 	C:\Windows\System32\ADVAPI32.dll
0x00007ff923700000 - 0x00007ff92379e000 	C:\Windows\System32\msvcrt.dll
0x00007ff9234e0000 - 0x00007ff92353b000 	C:\Windows\System32\sechost.dll
0x00007ff920d40000 - 0x00007ff920e64000 	C:\Windows\System32\RPCRT4.dll
0x00007ff922e00000 - 0x00007ff922f90000 	C:\Windows\System32\USER32.dll
0x00007ff9200c0000 - 0x00007ff9200e0000 	C:\Windows\System32\win32u.dll
0x00007ff922790000 - 0x00007ff9227b8000 	C:\Windows\System32\GDI32.dll
0x00007ff91fce0000 - 0x00007ff91fe72000 	C:\Windows\System32\gdi32full.dll
0x00007ff920b20000 - 0x00007ff920bbf000 	C:\Windows\System32\msvcp_win.dll
0x00007ff920bc0000 - 0x00007ff920cba000 	C:\Windows\System32\ucrtbase.dll
0x00007ff913080000 - 0x00007ff9132e9000 	C:\Windows\WinSxS\amd64_microsoft.windows.common-controls_6595b64144ccf1df_6.0.17134.345_none_fb429a5930656358\COMCTL32.dll
0x00007ff922460000 - 0x00007ff922783000 	C:\Windows\System32\combase.dll
0x00007ff91fc00000 - 0x00007ff91fc7a000 	C:\Windows\System32\bcryptPrimitives.dll
0x00007ff923540000 - 0x00007ff92356d000 	C:\Windows\System32\IMM32.DLL
0x0000000070280000 - 0x0000000070352000 	C:\Program Files\Java\jdk1.8.0_181\jre\bin\msvcr100.dll
0x000000006ea80000 - 0x000000006f322000 	C:\Program Files\Java\jdk1.8.0_181\jre\bin\server\jvm.dll
0x00007ff920d30000 - 0x00007ff920d38000 	C:\Windows\System32\PSAPI.DLL
0x00007ff912f40000 - 0x00007ff912f63000 	C:\Windows\SYSTEM32\WINMM.dll
0x00007ff919110000 - 0x00007ff919119000 	C:\Windows\SYSTEM32\WSOCK32.dll
0x00007ff91a8c0000 - 0x00007ff91a8ca000 	C:\Windows\SYSTEM32\VERSION.dll
0x00007ff920cc0000 - 0x00007ff920d2c000 	C:\Windows\System32\WS2_32.dll
0x00007ff912f10000 - 0x00007ff912f3a000 	C:\Windows\SYSTEM32\WINMMBASE.dll
0x00007ff91fe80000 - 0x00007ff91fec9000 	C:\Windows\System32\cfgmgr32.dll
0x0000000070270000 - 0x000000007027f000 	C:\Program Files\Java\jdk1.8.0_181\jre\bin\verify.dll
0x0000000070240000 - 0x0000000070269000 	C:\Program Files\Java\jdk1.8.0_181\jre\bin\java.dll
0x00000000701f0000 - 0x0000000070206000 	C:\Program Files\Java\jdk1.8.0_181\jre\bin\zip.dll
0x00007ff920e70000 - 0x00007ff9222af000 	C:\Windows\System32\SHELL32.dll
0x00007ff923420000 - 0x00007ff9234c9000 	C:\Windows\System32\shcore.dll
0x00007ff920190000 - 0x00007ff92089d000 	C:\Windows\System32\windows.storage.dll
0x00007ff923640000 - 0x00007ff923691000 	C:\Windows\System32\shlwapi.dll
0x00007ff91fb70000 - 0x00007ff91fb81000 	C:\Windows\System32\kernel.appcore.dll
0x00007ff91fb40000 - 0x00007ff91fb5f000 	C:\Windows\System32\profapi.dll
0x00007ff91fbb0000 - 0x00007ff91fbfc000 	C:\Windows\System32\powrprof.dll
0x00007ff91fb60000 - 0x00007ff91fb6a000 	C:\Windows\System32\FLTLIB.DLL
0x0000000070170000 - 0x000000007017d000 	C:\Program Files\Java\jdk1.8.0_181\jre\bin\management.dll
0x00000000701d0000 - 0x00000000701ea000 	C:\Program Files\Java\jdk1.8.0_181\jre\bin\net.dll
0x00007ff91f3c0000 - 0x00007ff91f426000 	C:\Windows\system32\mswsock.dll
0x00007ff9140e0000 - 0x00007ff9140f6000 	C:\Windows\system32\napinsp.dll
0x00007ff913ff0000 - 0x00007ff91400a000 	C:\Windows\system32\pnrpnsp.dll
0x00007ff91b610000 - 0x00007ff91b629000 	C:\Windows\system32\NLAapi.dll
0x00007ff91f180000 - 0x00007ff91f23e000 	C:\Windows\SYSTEM32\DNSAPI.dll
0x00007ff9234d0000 - 0x00007ff9234d8000 	C:\Windows\System32\NSI.dll
0x00007ff91f140000 - 0x00007ff91f178000 	C:\Windows\SYSTEM32\IPHLPAPI.DLL
0x00007ff913f70000 - 0x00007ff913f7e000 	C:\Windows\System32\winrnr.dll
0x00007ff91a240000 - 0x00007ff91a24a000 	C:\Windows\System32\rasadhlp.dll
0x00007ff91a630000 - 0x00007ff91a6a2000 	C:\Windows\System32\fwpuclnt.dll
0x00007ff91f6a0000 - 0x00007ff91f6c5000 	C:\Windows\SYSTEM32\bcrypt.dll
0x00000000701b0000 - 0x00000000701c1000 	C:\Program Files\Java\jdk1.8.0_181\jre\bin\nio.dll

VM Arguments:
java_command: D:\JavaProjects\qc-goods\qc-goods-impl\target\surefire\surefirebooter6395331657399916443.jar D:\JavaProjects\qc-goods\qc-goods-impl\target\surefire\surefire6215175243404475826tmp D:\JavaProjects\qc-goods\qc-goods-impl\target\surefire\surefire_08715155270717581829tmp
java_class_path (initial): D:\JavaProjects\qc-goods\qc-goods-impl\target\surefire\surefirebooter6395331657399916443.jar
Launcher Type: SUN_STANDARD

Environment Variables:
PATH=C:\Program Files (x86)\Common Files\Oracle\Java\javapath;C:\Windows\system32;C:\Windows;C:\Windows\System32\Wbem;C:\Windows\System32\WindowsPowerShell\v1.0\;C:\Windows\System32\OpenSSH\;D:\maven\apache-maven-3.5.0\bin;D:\apache-tomcat-8.5.20\bin;D:\apache-tomcat-8.5.20\lib;C:\Program Files\TortoiseSVN\bin;D:\Program Files\TortoiseGit\bin;d:\Program Files\Git\cmd;C:\Users\Administrator\AppData\Local\Microsoft\WindowsApps;;d:\Program Files\Docker Toolbox;d:\Program Files\Docker Toolbox
USERNAME=Administrator
OS=Windows_NT
PROCESSOR_IDENTIFIER=Intel64 Family 6 Model 42 Stepping 7, GenuineIntel



---------------  S Y S T E M  ---------------

OS: Windows 10.0 , 64 bit Build 17134 (10.0.17134.1)

CPU:total 8 (initial active 8) (4 cores per cpu, 2 threads per core) family 6 model 42 stepping 7, cmov, cx8, fxsr, mmx, sse, sse2, sse3, ssse3, sse4.1, sse4.2, popcnt, avx, aes, clmul, ht, tsc, tscinvbit

Memory: 4k page, physical 16718344k(2584172k free), swap 31268440k(6032k free)

vm_info: Java HotSpot(TM) 64-Bit Server VM (25.181-b13) for windows-amd64 JRE (1.8.0_181-b13), built on Jul  7 2018 04:01:33 by "java_re" with MS VC++ 10.0 (VS2010)

time: Wed Oct 24 12:41:16 2018
elapsed time: 9 seconds (0d 0h 0m 9s)

